#
# There is insufficient memory for the Java Runtime Environment to continue.
# Native memory allocation (malloc) failed to allocate 1809776 bytes for Chunk::new
# Possible reasons:
#   The system is out of physical RAM or swap space
#   The process is running with CompressedOops enabled, and the Java Heap may be blocking the growth of the native heap
# Possible solutions:
#   Reduce memory load on the system
#   Increase physical memory or swap space
#   Check if swap backing store is full
#   Decrease Java heap size (-Xmx/-Xms)
#   Decrease number of Java threads
#   Decrease Java thread stack sizes (-Xss)
#   Set larger code cache with -XX:ReservedCodeCacheSize=
#   JVM is running with Unscaled Compressed Oops mode in which the Java heap is
#     placed in the first 4GB address space. The Java Heap base address is the
#     maximum limit for the native heap growth. Please use -XX:HeapBaseMinAddress
#     to set the Java Heap base and to place the Java Heap above 4GB virtual address.
# This output file may be truncated or incomplete.
#
#  Out of Memory Error (arena.cpp:189), pid=48356, tid=41896
#
# JRE version: OpenJDK Runtime Environment Temurin-17.0.2+8 (17.0.2+8) (build 17.0.2+8)
# Java VM: OpenJDK 64-Bit Server VM Temurin-17.0.2+8 (17.0.2+8, mixed mode, tiered, compressed oops, compressed class ptrs, g1 gc, windows-amd64)
# No core dump will be written. Minidumps are not enabled by default on client versions of Windows
#

---------------  S U M M A R Y ------------

Command Line: -Dfile.encoding=Cp1252 -XX:+ShowCodeDetailsInExceptionMessages Home

Host: Intel(R) Core(TM) i7-1065G7 CPU @ 1.30GHz, 8 cores, 7G,  Windows 10 , 64 bit Build 19041 (10.0.19041.1706)
Time: Thu Jun  9 16:14:27 2022 ora legale Europa occidentale elapsed time: 5.464384 seconds (0d 0h 0m 5s)

---------------  T H R E A D  ---------------

Current thread (0x000001416f825d50):  JavaThread "C2 CompilerThread0" daemon [_thread_in_native, id=41896, stack(0x0000002442400000,0x0000002442500000)]


Current CompileTask:
C2:   5464 2548       4       java.lang.invoke.MethodType::makeImpl (109 bytes)

Stack: [0x0000002442400000,0x0000002442500000]
Native frames: (J=compiled Java code, j=interpreted, Vv=VM code, C=native code)
V  [jvm.dll+0x67564a]
V  [jvm.dll+0x82fc04]
V  [jvm.dll+0x8313ae]
V  [jvm.dll+0x831a13]
V  [jvm.dll+0x245235]
V  [jvm.dll+0xabd7b]
V  [jvm.dll+0xac30c]
V  [jvm.dll+0x3631a2]
V  [jvm.dll+0x32d891]
V  [jvm.dll+0x32cd3a]
V  [jvm.dll+0x2180d1]
V  [jvm.dll+0x2174f1]
V  [jvm.dll+0x1a3a8d]
V  [jvm.dll+0x226ef8]
V  [jvm.dll+0x22503c]
V  [jvm.dll+0x7e596b]
V  [jvm.dll+0x7dff2a]
V  [jvm.dll+0x6744d5]
C  [ucrtbase.dll+0x21bb2]
C  [KERNEL32.DLL+0x17034]
C  [ntdll.dll+0x52651]


---------------  P R O C E S S  ---------------

Threads class SMR info:
_java_thread_list=0x0000014173851560, length=30, elements={
0x000001416eba40f0, 0x000001416eba5350, 0x000001416ebc63c0, 0x000001416ebf74d0,
0x000001416ebfb550, 0x000001416ebfd360, 0x000001416f825d50, 0x000001416f827200,
0x000001416f831b00, 0x000001416f98d5a0, 0x000001416f98ae50, 0x000001416fca02e0,
0x000001416fca07b0, 0x000001416fca0c80, 0x000001416fd43050, 0x0000014154d4ca60,
0x0000014170210ce0, 0x00000141702146f0, 0x0000014170299fa0, 0x0000014170297920,
0x0000014170297df0, 0x00000141702982c0, 0x0000014170299600, 0x000001417029ae10,
0x000001417029a940, 0x0000014170298790, 0x0000014170298c60, 0x000001417029a470,
0x0000014170299130, 0x0000014170299ad0
}

Java Threads: ( => current thread )
  0x000001416eba40f0 JavaThread "Reference Handler" daemon [_thread_blocked, id=27752, stack(0x0000002441e00000,0x0000002441f00000)]
  0x000001416eba5350 JavaThread "Finalizer" daemon [_thread_blocked, id=24332, stack(0x0000002441f00000,0x0000002442000000)]
  0x000001416ebc63c0 JavaThread "Signal Dispatcher" daemon [_thread_blocked, id=43456, stack(0x0000002442000000,0x0000002442100000)]
  0x000001416ebf74d0 JavaThread "Attach Listener" daemon [_thread_blocked, id=35888, stack(0x0000002442100000,0x0000002442200000)]
  0x000001416ebfb550 JavaThread "Service Thread" daemon [_thread_blocked, id=26596, stack(0x0000002442200000,0x0000002442300000)]
  0x000001416ebfd360 JavaThread "Monitor Deflation Thread" daemon [_thread_blocked, id=42948, stack(0x0000002442300000,0x0000002442400000)]
=>0x000001416f825d50 JavaThread "C2 CompilerThread0" daemon [_thread_in_native, id=41896, stack(0x0000002442400000,0x0000002442500000)]
  0x000001416f827200 JavaThread "C1 CompilerThread0" daemon [_thread_blocked, id=42780, stack(0x0000002442500000,0x0000002442600000)]
  0x000001416f831b00 JavaThread "Sweeper thread" daemon [_thread_blocked, id=25596, stack(0x0000002442600000,0x0000002442700000)]
  0x000001416f98d5a0 JavaThread "Notification Thread" daemon [_thread_blocked, id=34480, stack(0x0000002442700000,0x0000002442800000)]
  0x000001416f98ae50 JavaThread "Common-Cleaner" daemon [_thread_blocked, id=38788, stack(0x0000002442900000,0x0000002442a00000)]
  0x000001416fca02e0 JavaThread "Java2D Disposer" daemon [_thread_blocked, id=38472, stack(0x0000002442a00000,0x0000002442b00000)]
  0x000001416fca07b0 JavaThread "AWT-Shutdown" [_thread_blocked, id=14876, stack(0x0000002442b00000,0x0000002442c00000)]
  0x000001416fca0c80 JavaThread "AWT-Windows" daemon [_thread_in_native, id=33788, stack(0x0000002442c00000,0x0000002442d00000)]
  0x000001416fd43050 JavaThread "AWT-EventQueue-0" [_thread_in_vm, id=7604, stack(0x0000002442d00000,0x0000002442e00000)]
  0x0000014154d4ca60 JavaThread "DestroyJavaVM" [_thread_blocked, id=45884, stack(0x0000002441700000,0x0000002441800000)]
  0x0000014170210ce0 JavaThread "TimerQueue" daemon [_thread_blocked, id=43432, stack(0x0000002442e00000,0x0000002442f00000)]
  0x00000141702146f0 JavaThread "Image Fetcher 0" daemon [_thread_blocked, id=45064, stack(0x0000002442f00000,0x0000002443000000)]
  0x0000014170299fa0 JavaThread "ForkJoinPool.commonPool-worker-1" daemon [_thread_blocked, id=44744, stack(0x0000002443300000,0x0000002443400000)]
  0x0000014170297920 JavaThread "AsyncHttpClient-1-1" daemon [_thread_blocked, id=45220, stack(0x0000002443d00000,0x0000002443e00000)]
  0x0000014170297df0 JavaThread "Exec Default Executor" daemon [_thread_in_native, id=30412, stack(0x0000002443e00000,0x0000002443f00000)]
  0x00000141702982c0 JavaThread "Driver Service Executor" daemon [_thread_blocked, id=3592, stack(0x0000002443f00000,0x0000002444000000)]
  0x0000014170299600 JavaThread "Driver Service Executor" daemon [_thread_blocked, id=45284, stack(0x0000002444000000,0x0000002444100000)]
  0x000001417029ae10 JavaThread "UrlChecker-2" daemon [_thread_blocked, id=33100, stack(0x0000002444100000,0x0000002444200000)]
  0x000001417029a940 JavaThread "Exec Stream Pumper" daemon [_thread_in_native, id=41452, stack(0x0000002444300000,0x0000002444400000)]
  0x0000014170298790 JavaThread "Exec Stream Pumper" daemon [_thread_in_native, id=45992, stack(0x0000002444400000,0x0000002444500000)]
  0x0000014170298c60 JavaThread "Keep-Alive-Timer" daemon [_thread_blocked, id=47396, stack(0x0000002444500000,0x0000002444600000)]
  0x000001417029a470 JavaThread "AsyncHttpClient-1-2" daemon [_thread_in_native, id=47388, stack(0x0000002444600000,0x0000002444700000)]
  0x0000014170299130 JavaThread "AsyncHttpClient-1-3" daemon [_thread_in_native, id=29764, stack(0x0000002444700000,0x0000002444800000)]
  0x0000014170299ad0 JavaThread "AsyncHttpClient-1-4" daemon [_thread_in_native, id=18600, stack(0x0000002444800000,0x0000002444900000)]

Other Threads:
  0x000001416eb56830 VMThread "VM Thread" [stack: 0x0000002441d00000,0x0000002441e00000] [id=48612]
  0x000001416f98da70 WatcherThread [stack: 0x0000002442800000,0x0000002442900000] [id=35280]
  0x0000014154d8d810 GCTaskThread "GC Thread#0" [stack: 0x0000002441800000,0x0000002441900000] [id=34600]
  0x0000014173177cd0 GCTaskThread "GC Thread#1" [stack: 0x0000002443400000,0x0000002443500000] [id=43760]
  0x00000141730e0a90 GCTaskThread "GC Thread#2" [stack: 0x0000002443500000,0x0000002443600000] [id=45876]
  0x00000141730e0d40 GCTaskThread "GC Thread#3" [stack: 0x0000002443600000,0x0000002443700000] [id=39796]
  0x0000014173117180 GCTaskThread "GC Thread#4" [stack: 0x0000002443700000,0x0000002443800000] [id=46344]
  0x0000014173117430 GCTaskThread "GC Thread#5" [stack: 0x0000002443800000,0x0000002443900000] [id=12972]
  0x00000141703d1ef0 GCTaskThread "GC Thread#6" [stack: 0x0000002443900000,0x0000002443a00000] [id=45432]
  0x0000014173015440 GCTaskThread "GC Thread#7" [stack: 0x0000002443a00000,0x0000002443b00000] [id=39412]
  0x0000014154d9f810 ConcurrentGCThread "G1 Main Marker" [stack: 0x0000002441900000,0x0000002441a00000] [id=45540]
  0x0000014154da0130 ConcurrentGCThread "G1 Conc#0" [stack: 0x0000002441a00000,0x0000002441b00000] [id=18576]
  0x00000141731176e0 ConcurrentGCThread "G1 Conc#1" [stack: 0x0000002443b00000,0x0000002443c00000] [id=44764]
  0x0000014154e27710 ConcurrentGCThread "G1 Refine#0" [stack: 0x0000002441b00000,0x0000002441c00000] [id=48072]
  0x00000141731cbc50 ConcurrentGCThread "G1 Refine#1" [stack: 0x0000002443c00000,0x0000002443d00000] [id=43340]
  0x0000014154e28040 ConcurrentGCThread "G1 Service" [stack: 0x0000002441c00000,0x0000002441d00000] [id=48616]

Threads with active compile tasks:
C2 CompilerThread0     5491 2548       4       java.lang.invoke.MethodType::makeImpl (109 bytes)

VM state: not at safepoint (normal execution)

VM Mutex/Monitor currently owned by a thread: None

Heap address: 0x0000000083000000, size: 2000 MB, Compressed Oops mode: 32-bit

CDS archive(s) not mapped
Compressed class space mapped at: 0x0000000100000000-0x0000000140000000, reserved size: 1073741824
Narrow klass base: 0x0000000000000000, Narrow klass shift: 3, Narrow klass range: 0x140000000

GC Precious Log:
 CPUs: 8 total, 8 available
 Memory: 7997M
 Large Page Support: Disabled
 NUMA Support: Disabled
 Compressed Oops: Enabled (32-bit)
 Heap Region Size: 1M
 Heap Min Capacity: 8M
 Heap Initial Capacity: 126M
 Heap Max Capacity: 2000M
 Pre-touch: Disabled
 Parallel Workers: 8
 Concurrent Workers: 2
 Concurrent Refinement Workers: 8
 Periodic GC: Disabled

Heap:
 garbage-first heap   total 35840K, used 20087K [0x0000000083000000, 0x0000000100000000)
  region size 1024K, 4 young (4096K), 2 survivors (2048K)
 Metaspace       used 36079K, committed 36352K, reserved 1081344K
  class space    used 4160K, committed 4288K, reserved 1048576K

Heap Regions: E=young(eden), S=young(survivor), O=old, HS=humongous(starts), HC=humongous(continues), CS=collection set, F=free, OA=open archive, CA=closed archive, TAMS=top-at-mark-start (previous, next)
|   0|0x0000000083000000, 0x0000000083100000, 0x0000000083100000|100%|HS|  |TAMS 0x0000000083100000, 0x0000000083000000| Complete 
|   1|0x0000000083100000, 0x0000000083200000, 0x0000000083200000|100%|HC|  |TAMS 0x0000000083200000, 0x0000000083100000| Complete 
|   2|0x0000000083200000, 0x0000000083300000, 0x0000000083300000|100%|HS|  |TAMS 0x0000000083300000, 0x0000000083200000| Complete 
|   3|0x0000000083300000, 0x0000000083400000, 0x0000000083400000|100%|HC|  |TAMS 0x0000000083400000, 0x0000000083300000| Complete 
|   4|0x0000000083400000, 0x0000000083500000, 0x0000000083500000|100%| O|  |TAMS 0x0000000083500000, 0x0000000083400000| Untracked 
|   5|0x0000000083500000, 0x0000000083600000, 0x0000000083600000|100%| O|  |TAMS 0x000000008352ba00, 0x0000000083500000| Untracked 
|   6|0x0000000083600000, 0x0000000083700000, 0x0000000083700000|100%| O|  |TAMS 0x0000000083700000, 0x0000000083600000| Untracked 
|   7|0x0000000083700000, 0x0000000083800000, 0x0000000083800000|100%| O|  |TAMS 0x0000000083800000, 0x0000000083700000| Untracked 
|   8|0x0000000083800000, 0x0000000083900000, 0x0000000083900000|100%| O|  |TAMS 0x0000000083900000, 0x0000000083800000| Untracked 
|   9|0x0000000083900000, 0x0000000083a00000, 0x0000000083a00000|100%| O|  |TAMS 0x0000000083a00000, 0x0000000083900000| Untracked 
|  10|0x0000000083a00000, 0x0000000083b00000, 0x0000000083b00000|100%| O|  |TAMS 0x0000000083b00000, 0x0000000083a00000| Untracked 
|  11|0x0000000083b00000, 0x0000000083c00000, 0x0000000083c00000|100%| O|  |TAMS 0x0000000083c00000, 0x0000000083b00000| Untracked 
|  12|0x0000000083c00000, 0x0000000083d00000, 0x0000000083d00000|100%|HS|  |TAMS 0x0000000083d00000, 0x0000000083c00000| Complete 
|  13|0x0000000083d00000, 0x0000000083e00000, 0x0000000083e00000|100%|HC|  |TAMS 0x0000000083e00000, 0x0000000083d00000| Complete 
|  14|0x0000000083e00000, 0x0000000083f00000, 0x0000000083f00000|100%|HC|  |TAMS 0x0000000083f00000, 0x0000000083e00000| Complete 
|  15|0x0000000083f00000, 0x0000000084000000, 0x0000000084000000|100%|HC|  |TAMS 0x0000000084000000, 0x0000000083f00000| Complete 
|  16|0x0000000084000000, 0x0000000084100000, 0x0000000084100000|100%|HC|  |TAMS 0x0000000084100000, 0x0000000084000000| Complete 
|  17|0x0000000084100000, 0x000000008411aa00, 0x0000000084200000| 10%| O|  |TAMS 0x0000000084100000, 0x0000000084100000| Untracked 
|  18|0x0000000084200000, 0x0000000084200000, 0x0000000084300000|  0%| F|  |TAMS 0x0000000084200000, 0x0000000084200000| Untracked 
|  19|0x0000000084300000, 0x0000000084300000, 0x0000000084400000|  0%| F|  |TAMS 0x0000000084300000, 0x0000000084300000| Untracked 
|  20|0x0000000084400000, 0x0000000084400000, 0x0000000084500000|  0%| F|  |TAMS 0x0000000084400000, 0x0000000084400000| Untracked 
|  21|0x0000000084500000, 0x0000000084500000, 0x0000000084600000|  0%| F|  |TAMS 0x0000000084500000, 0x0000000084500000| Untracked 
|  22|0x0000000084600000, 0x0000000084600000, 0x0000000084700000|  0%| F|  |TAMS 0x0000000084600000, 0x0000000084600000| Untracked 
|  23|0x0000000084700000, 0x0000000084700000, 0x0000000084800000|  0%| F|  |TAMS 0x0000000084700000, 0x0000000084700000| Untracked 
|  24|0x0000000084800000, 0x0000000084800000, 0x0000000084900000|  0%| F|  |TAMS 0x0000000084800000, 0x0000000084800000| Untracked 
|  25|0x0000000084900000, 0x0000000084900000, 0x0000000084a00000|  0%| F|  |TAMS 0x0000000084900000, 0x0000000084900000| Untracked 
|  26|0x0000000084a00000, 0x0000000084a00000, 0x0000000084b00000|  0%| F|  |TAMS 0x0000000084a00000, 0x0000000084a00000| Untracked 
|  27|0x0000000084b00000, 0x0000000084b00000, 0x0000000084c00000|  0%| F|  |TAMS 0x0000000084b00000, 0x0000000084b00000| Untracked 
|  28|0x0000000084c00000, 0x0000000084c83558, 0x0000000084d00000| 51%| S|CS|TAMS 0x0000000084c00000, 0x0000000084c00000| Complete 
|  29|0x0000000084d00000, 0x0000000084e00000, 0x0000000084e00000|100%| S|CS|TAMS 0x0000000084d00000, 0x0000000084d00000| Complete 
|  30|0x0000000084e00000, 0x0000000084e00000, 0x0000000084f00000|  0%| F|  |TAMS 0x0000000084e00000, 0x0000000084e00000| Untracked 
| 106|0x0000000089a00000, 0x0000000089a00000, 0x0000000089b00000|  0%| F|  |TAMS 0x0000000089a00000, 0x0000000089a00000| Untracked 
| 107|0x0000000089b00000, 0x0000000089b00000, 0x0000000089c00000|  0%| F|  |TAMS 0x0000000089b00000, 0x0000000089b00000| Untracked 
| 108|0x0000000089c00000, 0x0000000089cc7a88, 0x0000000089d00000| 77%| E|  |TAMS 0x0000000089c00000, 0x0000000089c00000| Complete 
| 125|0x000000008ad00000, 0x000000008ae00000, 0x000000008ae00000|100%| E|CS|TAMS 0x000000008ad00000, 0x000000008ad00000| Complete 

Card table byte_map: [0x0000014167b30000,0x0000014167f20000] _byte_map_base: 0x0000014167718000

Marking Bits (Prev, Next): (CMBitMap*) 0x0000014154d8ed40, (CMBitMap*) 0x0000014154d8ed80
 Prev Bits: [0x0000014168310000, 0x000001416a250000)
 Next Bits: [0x000001416a250000, 0x000001416c190000)

Polling page: 0x0000014152d00000

Metaspace:

Usage:
  Non-class:     31.17 MB used.
      Class:      4.06 MB used.
       Both:     35.23 MB used.

Virtual space:
  Non-class space:       32.00 MB reserved,      31.31 MB ( 98%) committed,  4 nodes.
      Class space:        1.00 GB reserved,       4.19 MB ( <1%) committed,  1 nodes.
             Both:        1.03 GB reserved,      35.50 MB (  3%) committed. 

Chunk freelists:
   Non-Class:  256.00 KB
       Class:  3.80 MB
        Both:  4.05 MB

MaxMetaspaceSize: unlimited
CompressedClassSpaceSize: 1.00 GB
Initial GC threshold: 21.00 MB
Current GC threshold: 58.69 MB
CDS: off
MetaspaceReclaimPolicy: balanced
 - commit_granule_bytes: 65536.
 - commit_granule_words: 8192.
 - virtual_space_node_default_size: 1048576.
 - enlarge_chunks_in_place: 1.
 - new_chunks_are_fully_committed: 0.
 - uncommit_free_chunks: 1.
 - use_allocation_guard: 0.
 - handle_deallocations: 1.


Internal statistics:

num_allocs_failed_limit: 6.
num_arena_births: 220.
num_arena_deaths: 0.
num_vsnodes_births: 5.
num_vsnodes_deaths: 0.
num_space_committed: 568.
num_space_uncommitted: 0.
num_chunks_returned_to_freelist: 6.
num_chunks_taken_from_freelist: 721.
num_chunk_merges: 3.
num_chunk_splits: 459.
num_chunks_enlarged: 334.
num_purges: 0.
num_inconsistent_stats: 0.

CodeHeap 'non-profiled nmethods': size=120000Kb used=755Kb max_used=755Kb free=119245Kb
 bounds [0x000001415fee0000, 0x0000014160150000, 0x0000014167410000]
CodeHeap 'profiled nmethods': size=120000Kb used=5022Kb max_used=5022Kb free=114977Kb
 bounds [0x00000141589b0000, 0x0000014158ea0000, 0x000001415fee0000]
CodeHeap 'non-nmethods': size=5760Kb used=1433Kb max_used=1442Kb free=4326Kb
 bounds [0x0000014158410000, 0x0000014158680000, 0x00000141589b0000]
 total_blobs=3409 nmethods=2630 adapters=691
 compilation: enabled
              stopped_count=0, restarted_count=0
 full_count=0

Compilation events (20 events):
Event: 5.459 Thread 0x000001416f827200 2614       3       io.netty.util.internal.PlatformDependent::hasUnsafe (12 bytes)
Event: 5.459 Thread 0x000001416f827200 nmethod 2614 0x0000014158e8e110 code [0x0000014158e8e2a0, 0x0000014158e8e3b8]
Event: 5.459 Thread 0x000001416f827200 2615       3       io.netty.util.internal.shaded.org.jctools.util.UnsafeRefArrayAccess::allocateRefArray (8 bytes)
Event: 5.459 Thread 0x000001416f827200 nmethod 2615 0x0000014158e8e490 code [0x0000014158e8e620, 0x0000014158e8e798]
Event: 5.460 Thread 0x000001416f827200 2616       3       java.util.ArrayDeque::dec (13 bytes)
Event: 5.460 Thread 0x000001416f827200 nmethod 2616 0x0000014158e8e890 code [0x0000014158e8ea20, 0x0000014158e8eb58]
Event: 5.460 Thread 0x000001416f827200 2617       1       io.netty.util.AsciiString::length (5 bytes)
Event: 5.460 Thread 0x000001416f827200 nmethod 2617 0x000001415ff9c610 code [0x000001415ff9c7a0, 0x000001415ff9c878]
Event: 5.460 Thread 0x000001416f827200 2618       1       io.netty.buffer.PooledByteBuf::capacity (5 bytes)
Event: 5.460 Thread 0x000001416f827200 nmethod 2618 0x000001415ff9c910 code [0x000001415ff9caa0, 0x000001415ff9cb78]
Event: 5.460 Thread 0x000001416f827200 2619       3       io.netty.channel.nio.AbstractNioChannel::eventLoop (8 bytes)
Event: 5.460 Thread 0x000001416f827200 nmethod 2619 0x0000014158e8ec10 code [0x0000014158e8edc0, 0x0000014158e8f108]
Event: 5.460 Thread 0x000001416f827200 2620       3       io.netty.channel.AbstractChannel::eventLoop (21 bytes)
Event: 5.461 Thread 0x000001416f827200 nmethod 2620 0x0000014158e8f210 code [0x0000014158e8f3c0, 0x0000014158e8f5c8]
Event: 5.461 Thread 0x000001416f827200 2621       3       io.netty.channel.nio.AbstractNioChannel::eventLoop (5 bytes)
Event: 5.461 Thread 0x000001416f827200 nmethod 2621 0x0000014158e8f690 code [0x0000014158e8f860, 0x0000014158e8fc88]
Event: 5.461 Thread 0x000001416f827200 2622       3       io.netty.buffer.PooledUnsafeDirectByteBuf::_getByte (9 bytes)
Event: 5.461 Thread 0x000001416f827200 nmethod 2622 0x0000014158e8fe10 code [0x0000014158e8ffe0, 0x0000014158e90378]
Event: 5.461 Thread 0x000001416f827200 2623       3       io.netty.buffer.UnsafeByteBufUtil::getByte (5 bytes)
Event: 5.461 Thread 0x000001416f827200 nmethod 2623 0x0000014158e90510 code [0x0000014158e906c0, 0x0000014158e90958]

GC Heap History (12 events):
Event: 3.275 GC heap before
{Heap before GC invocations=0 (full 0):
 garbage-first heap   total 129024K, used 19456K [0x0000000083000000, 0x0000000100000000)
  region size 1024K, 17 young (17408K), 0 survivors (0K)
 Metaspace       used 21341K, committed 21504K, reserved 1073152K
  class space    used 2283K, committed 2368K, reserved 1048576K
}
Event: 3.280 GC heap after
{Heap after GC invocations=1 (full 0):
 garbage-first heap   total 129024K, used 8790K [0x0000000083000000, 0x0000000100000000)
  region size 1024K, 3 young (3072K), 3 survivors (3072K)
 Metaspace       used 21341K, committed 21504K, reserved 1073152K
  class space    used 2283K, committed 2368K, reserved 1048576K
}
Event: 3.652 GC heap before
{Heap before GC invocations=2 (full 0):
 garbage-first heap   total 34816K, used 23126K [0x0000000083000000, 0x0000000100000000)
  region size 1024K, 18 young (18432K), 3 survivors (3072K)
 Metaspace       used 26379K, committed 26560K, reserved 1073152K
  class space    used 2866K, committed 2944K, reserved 1048576K
}
Event: 3.656 GC heap after
{Heap after GC invocations=3 (full 0):
 garbage-first heap   total 34816K, used 11342K [0x0000000083000000, 0x0000000100000000)
  region size 1024K, 3 young (3072K), 3 survivors (3072K)
 Metaspace       used 26379K, committed 26560K, reserved 1073152K
  class space    used 2866K, committed 2944K, reserved 1048576K
}
Event: 3.694 GC heap before
{Heap before GC invocations=3 (full 0):
 garbage-first heap   total 34816K, used 12366K [0x0000000083000000, 0x0000000100000000)
  region size 1024K, 4 young (4096K), 3 survivors (3072K)
 Metaspace       used 27403K, committed 27648K, reserved 1073152K
  class space    used 2978K, committed 3136K, reserved 1048576K
}
Event: 3.696 GC heap after
{Heap after GC invocations=4 (full 0):
 garbage-first heap   total 34816K, used 11725K [0x0000000083000000, 0x0000000100000000)
  region size 1024K, 1 young (1024K), 1 survivors (1024K)
 Metaspace       used 27403K, committed 27648K, reserved 1073152K
  class space    used 2978K, committed 3136K, reserved 1048576K
}
Event: 4.200 GC heap before
{Heap before GC invocations=4 (full 0):
 garbage-first heap   total 34816K, used 20941K [0x0000000083000000, 0x0000000100000000)
  region size 1024K, 10 young (10240K), 1 survivors (1024K)
 Metaspace       used 31036K, committed 31232K, reserved 1081344K
  class space    used 3457K, committed 3584K, reserved 1048576K
}
Event: 4.201 GC heap after
{Heap after GC invocations=5 (full 0):
 garbage-first heap   total 34816K, used 12414K [0x0000000083000000, 0x0000000100000000)
  region size 1024K, 2 young (2048K), 2 survivors (2048K)
 Metaspace       used 31036K, committed 31232K, reserved 1081344K
  class space    used 3457K, committed 3584K, reserved 1048576K
}
Event: 5.305 GC heap before
{Heap before GC invocations=5 (full 0):
 garbage-first heap   total 34816K, used 27774K [0x0000000083000000, 0x0000000100000000)
  region size 1024K, 12 young (12288K), 2 survivors (2048K)
 Metaspace       used 34310K, committed 34624K, reserved 1081344K
  class space    used 3925K, committed 4096K, reserved 1048576K
}
Event: 5.307 GC heap after
{Heap after GC invocations=6 (full 0):
 garbage-first heap   total 34816K, used 18327K [0x0000000083000000, 0x0000000100000000)
  region size 1024K, 2 young (2048K), 2 survivors (2048K)
 Metaspace       used 34310K, committed 34624K, reserved 1081344K
  class space    used 3925K, committed 4096K, reserved 1048576K
}
Event: 5.431 GC heap before
{Heap before GC invocations=6 (full 0):
 garbage-first heap   total 34816K, used 21399K [0x0000000083000000, 0x0000000100000000)
  region size 1024K, 6 young (6144K), 2 survivors (2048K)
 Metaspace       used 35771K, committed 35968K, reserved 1081344K
  class space    used 4107K, committed 4224K, reserved 1048576K
}
Event: 5.433 GC heap after
{Heap after GC invocations=7 (full 0):
 garbage-first heap   total 34816K, used 19063K [0x0000000083000000, 0x0000000100000000)
  region size 1024K, 2 young (2048K), 2 survivors (2048K)
 Metaspace       used 35771K, committed 35968K, reserved 1081344K
  class space    used 4107K, committed 4224K, reserved 1048576K
}

Deoptimization events (20 events):
Event: 4.395 Thread 0x000001416fd43050 Uncommon trap: trap_request=0xffffffde fr.pc=0x000001415ff966ac relative=0x000000000000010c
Event: 4.395 Thread 0x000001416fd43050 Uncommon trap: reason=class_check action=maybe_recompile pc=0x000001415ff966ac method=jdk.internal.misc.Unsafe.allocateUninitializedArray(Ljava/lang/Class;I)Ljava/lang/Object; @ 51 c2
Event: 4.395 Thread 0x000001416fd43050 DEOPT PACKING pc=0x000001415ff966ac sp=0x0000002442dfba40
Event: 4.395 Thread 0x000001416fd43050 DEOPT UNPACKING pc=0x0000014158465c23 sp=0x0000002442dfb9c8 mode 2
Event: 4.395 Thread 0x000001416fd43050 Uncommon trap: trap_request=0xffffffde fr.pc=0x000001415ff966ac relative=0x000000000000010c
Event: 4.395 Thread 0x000001416fd43050 Uncommon trap: reason=class_check action=maybe_recompile pc=0x000001415ff966ac method=jdk.internal.misc.Unsafe.allocateUninitializedArray(Ljava/lang/Class;I)Ljava/lang/Object; @ 51 c2
Event: 4.395 Thread 0x000001416fd43050 DEOPT PACKING pc=0x000001415ff966ac sp=0x0000002442dfb640
Event: 4.395 Thread 0x000001416fd43050 DEOPT UNPACKING pc=0x0000014158465c23 sp=0x0000002442dfb5c8 mode 2
Event: 4.396 Thread 0x000001416fd43050 Uncommon trap: trap_request=0xffffffde fr.pc=0x000001415ff966ac relative=0x000000000000010c
Event: 4.396 Thread 0x000001416fd43050 Uncommon trap: reason=class_check action=maybe_recompile pc=0x000001415ff966ac method=jdk.internal.misc.Unsafe.allocateUninitializedArray(Ljava/lang/Class;I)Ljava/lang/Object; @ 51 c2
Event: 4.396 Thread 0x000001416fd43050 DEOPT PACKING pc=0x000001415ff966ac sp=0x0000002442dfbab0
Event: 4.396 Thread 0x000001416fd43050 DEOPT UNPACKING pc=0x0000014158465c23 sp=0x0000002442dfba38 mode 2
Event: 4.396 Thread 0x000001416fd43050 Uncommon trap: trap_request=0xffffffde fr.pc=0x000001415ff966ac relative=0x000000000000010c
Event: 4.396 Thread 0x000001416fd43050 Uncommon trap: reason=class_check action=maybe_recompile pc=0x000001415ff966ac method=jdk.internal.misc.Unsafe.allocateUninitializedArray(Ljava/lang/Class;I)Ljava/lang/Object; @ 51 c2
Event: 4.396 Thread 0x000001416fd43050 DEOPT PACKING pc=0x000001415ff966ac sp=0x0000002442dfb6b0
Event: 4.396 Thread 0x000001416fd43050 DEOPT UNPACKING pc=0x0000014158465c23 sp=0x0000002442dfb638 mode 2
Event: 5.361 Thread 0x000001416fd43050 Uncommon trap: trap_request=0xffffffde fr.pc=0x000001415ff69f34 relative=0x0000000000000a94
Event: 5.361 Thread 0x000001416fd43050 Uncommon trap: reason=class_check action=maybe_recompile pc=0x000001415ff69f34 method=java.util.HashMap.putVal(ILjava/lang/Object;Ljava/lang/Object;ZZ)Ljava/lang/Object; @ 253 c2
Event: 5.361 Thread 0x000001416fd43050 DEOPT PACKING pc=0x000001415ff69f34 sp=0x0000002442dfd360
Event: 5.361 Thread 0x000001416fd43050 DEOPT UNPACKING pc=0x0000014158465c23 sp=0x0000002442dfd298 mode 2

Classes unloaded (0 events):
No events

Classes redefined (0 events):
No events

Internal exceptions (20 events):
Event: 3.998 Thread 0x0000014170297df0 Exception <a 'java/lang/NoSuchMethodError'{0x000000008486d5f8}: 'java.lang.Object java.lang.invoke.DirectMethodHandle$Holder.invokeStaticInit(java.lang.Object, java.lang.Object, long, java.lang.Object)'> (0x000000008486d5f8) 
thrown [e:\jenkins\tmp\workspace\build\src\src\hotspot\share\interpreter\linkResolver.cpp, line 766]
Event: 3.998 Thread 0x0000014170297df0 Exception <a 'java/lang/NoSuchMethodError'{0x0000000084873890}: 'java.lang.Object java.lang.invoke.DirectMethodHandle$Holder.newInvokeSpecial(java.lang.Object, java.lang.Object, long)'> (0x0000000084873890) 
thrown [e:\jenkins\tmp\workspace\build\src\src\hotspot\share\interpreter\linkResolver.cpp, line 766]
Event: 3.999 Thread 0x0000014170297df0 Exception <a 'java/lang/NoSuchMethodError'{0x0000000084877400}: 'java.lang.Object java.lang.invoke.Invokers$Holder.linkToTargetMethod(java.lang.Object, long, java.lang.Object)'> (0x0000000084877400) 
thrown [e:\jenkins\tmp\workspace\build\src\src\hotspot\share\interpreter\linkResolver.cpp, line 766]
Event: 4.014 Thread 0x000001417029ae10 Exception <a 'java/net/ConnectException'{0x0000000084861db8}: Connection refused: no further information> (0x0000000084861db8) 
thrown [e:\jenkins\tmp\workspace\build\src\src\hotspot\share\prims\jni.cpp, line 535]
Event: 4.014 Thread 0x000001417029ae10 Exception <a 'java/net/SocketException'{0x00000000848620f0}: Socket is not connected: shutdown> (0x00000000848620f0) 
thrown [e:\jenkins\tmp\workspace\build\src\src\hotspot\share\prims\jni.cpp, line 535]
Event: 4.044 Thread 0x000001417029ae10 Exception <a 'java/net/ConnectException'{0x0000000084863088}: Connection refused: no further information> (0x0000000084863088) 
thrown [e:\jenkins\tmp\workspace\build\src\src\hotspot\share\prims\jni.cpp, line 535]
Event: 4.044 Thread 0x000001417029ae10 Exception <a 'java/net/SocketException'{0x00000000848633c0}: Socket is not connected: shutdown> (0x00000000848633c0) 
thrown [e:\jenkins\tmp\workspace\build\src\src\hotspot\share\prims\jni.cpp, line 535]
Event: 4.091 Thread 0x000001417029ae10 Exception <a 'java/net/ConnectException'{0x0000000084864358}: Connection refused: no further information> (0x0000000084864358) 
thrown [e:\jenkins\tmp\workspace\build\src\src\hotspot\share\prims\jni.cpp, line 535]
Event: 4.091 Thread 0x000001417029ae10 Exception <a 'java/net/SocketException'{0x00000000848a2b88}: Socket is not connected: shutdown> (0x00000000848a2b88) 
thrown [e:\jenkins\tmp\workspace\build\src\src\hotspot\share\prims\jni.cpp, line 535]
Event: 4.209 Thread 0x000001416fd43050 Exception <a 'java/lang/NoSuchMethodError'{0x000000008ad166f0}: 'int java.lang.invoke.DirectMethodHandle$Holder.invokeVirtual(java.lang.Object, java.lang.Object)'> (0x000000008ad166f0) 
thrown [e:\jenkins\tmp\workspace\build\src\src\hotspot\share\interpreter\linkResolver.cpp, line 766]
Event: 4.210 Thread 0x000001416fd43050 Exception <a 'java/lang/NoSuchMethodError'{0x000000008ad1ce80}: 'double java.lang.invoke.DirectMethodHandle$Holder.invokeVirtual(java.lang.Object, java.lang.Object)'> (0x000000008ad1ce80) 
thrown [e:\jenkins\tmp\workspace\build\src\src\hotspot\share\interpreter\linkResolver.cpp, line 766]
Event: 4.211 Thread 0x000001416fd43050 Exception <a 'java/lang/NoSuchMethodError'{0x000000008ad23c00}: 'float java.lang.invoke.DirectMethodHandle$Holder.invokeVirtual(java.lang.Object, java.lang.Object)'> (0x000000008ad23c00) 
thrown [e:\jenkins\tmp\workspace\build\src\src\hotspot\share\interpreter\linkResolver.cpp, line 766]
Event: 4.211 Thread 0x000001416fd43050 Exception <a 'java/lang/NoSuchMethodError'{0x000000008ad2cec0}: 'long java.lang.invoke.DirectMethodHandle$Holder.invokeVirtual(java.lang.Object, java.lang.Object)'> (0x000000008ad2cec0) 
thrown [e:\jenkins\tmp\workspace\build\src\src\hotspot\share\interpreter\linkResolver.cpp, line 766]
Event: 4.242 Thread 0x000001416fd43050 Exception <a 'java/lang/NoSuchMethodError'{0x0000000089c6fc30}: 'void java.lang.invoke.DirectMethodHandle$Holder.invokeSpecial(java.lang.Object, java.lang.Object, java.lang.Object, java.lang.Object, java.lang.Object)'> (0x0000000089c6fc30) 
thrown [e:\jenkins\tmp\workspace\build\src\src\hotspot\share\interpreter\linkResolver.cpp, line 766]
Event: 4.243 Thread 0x000001416fd43050 Exception <a 'java/lang/NoSuchMethodError'{0x0000000089c76db8}: 'void java.lang.invoke.DirectMethodHandle$Holder.invokeStatic(java.lang.Object, java.lang.Object, int)'> (0x0000000089c76db8) 
thrown [e:\jenkins\tmp\workspace\build\src\src\hotspot\share\interpreter\linkResolver.cpp, line 766]
Event: 4.276 Thread 0x000001416fd43050 Exception <a 'java/lang/NoSuchMethodError'{0x0000000089bea8f0}: 'int java.lang.invoke.DirectMethodHandle$Holder.invokeSpecialIFC(java.lang.Object, java.lang.Object, java.lang.Object)'> (0x0000000089bea8f0) 
thrown [e:\jenkins\tmp\workspace\build\src\src\hotspot\share\interpreter\linkResolver.cpp, line 766]
Event: 4.297 Thread 0x000001416fd43050 Exception <a 'java/lang/NoSuchMethodError'{0x0000000089ad87a0}: 'void java.lang.invoke.DirectMethodHandle$Holder.invokeStatic(java.lang.Object, java.lang.Object, java.lang.Object, java.lang.Object)'> (0x0000000089ad87a0) 
thrown [e:\jenkins\tmp\workspace\build\src\src\hotspot\share\interpreter\linkResolver.cpp, line 766]
Event: 4.338 Thread 0x000001416fd43050 Exception <a 'java/lang/NoSuchMethodError'{0x0000000084c7ddb0}: 'void java.lang.invoke.DirectMethodHandle$Holder.invokeSpecial(java.lang.Object, java.lang.Object, java.lang.Object, java.lang.Object, java.lang.Object, java.lang.Object)'> (0x0000000084c7ddb0) 
thrown [e:\jenkins\tmp\workspace\build\src\src\hotspot\share\interpreter\linkResolver.cpp, line 766]
Event: 5.356 Thread 0x000001416fd43050 Exception <a 'java/lang/NoSuchMethodError'{0x0000000089cc44f8}: 'java.lang.Object java.lang.invoke.DirectMethodHandle$Holder.invokeSpecialIFC(java.lang.Object, java.lang.Object, java.lang.Object)'> (0x0000000089cc44f8) 
thrown [e:\jenkins\tmp\workspace\build\src\src\hotspot\share\interpreter\linkResolver.cpp, line 766]
Event: 5.377 Thread 0x000001416fd43050 Exception <a 'java/lang/ClassNotFoundException'{0x0000000089b979c8}: sun/util/logging/resources/spi/loggingProvider> (0x0000000089b979c8) 
thrown [e:\jenkins\tmp\workspace\build\src\src\hotspot\share\classfile\systemDictionary.cpp, line 256]

VM Operations (20 events):
Event: 3.755 Executing VM operation: HandshakeAllThreads
Event: 3.755 Executing VM operation: HandshakeAllThreads done
Event: 4.187 Executing VM operation: HandshakeAllThreads
Event: 4.187 Executing VM operation: HandshakeAllThreads done
Event: 4.188 Executing VM operation: HandshakeAllThreads
Event: 4.188 Executing VM operation: HandshakeAllThreads done
Event: 4.190 Executing VM operation: HandshakeAllThreads
Event: 4.190 Executing VM operation: HandshakeAllThreads done
Event: 4.200 Executing VM operation: G1CollectForAllocation
Event: 4.201 Executing VM operation: G1CollectForAllocation done
Event: 4.438 Executing VM operation: HandshakeAllThreads
Event: 4.438 Executing VM operation: HandshakeAllThreads done
Event: 5.304 Executing VM operation: G1CollectForAllocation
Event: 5.307 Executing VM operation: G1CollectForAllocation done
Event: 5.431 Executing VM operation: CollectForMetadataAllocation
Event: 5.433 Executing VM operation: CollectForMetadataAllocation done
Event: 5.442 Executing VM operation: G1Concurrent
Event: 5.444 Executing VM operation: G1Concurrent done
Event: 5.448 Executing VM operation: G1Concurrent
Event: 5.457 Executing VM operation: G1Concurrent done

Events (20 events):
Event: 5.378 loading class java/text/DateFormatSymbols
Event: 5.378 loading class java/text/DateFormatSymbols done
Event: 5.379 loading class sun/util/locale/provider/DateFormatSymbolsProviderImpl
Event: 5.379 loading class sun/util/locale/provider/DateFormatSymbolsProviderImpl done
Event: 5.379 loading class java/time/LocalTime$1
Event: 5.379 loading class java/time/LocalTime$1 done
Event: 5.394 loading class java/util/UUID$Holder
Event: 5.394 loading class java/util/UUID$Holder done
Event: 5.422 Thread 0x0000014170299130 Thread added: 0x0000014170299130
Event: 5.436 loading class java/util/concurrent/locks/ReentrantReadWriteLock$FairSync
Event: 5.436 loading class java/util/concurrent/locks/ReentrantReadWriteLock$FairSync done
Event: 5.445 loading class java/util/Base64
Event: 5.446 loading class java/util/Base64 done
Event: 5.446 loading class java/util/Base64$Encoder
Event: 5.446 loading class java/util/Base64$Encoder done
Event: 5.447 Thread 0x0000014170299ad0 Thread added: 0x0000014170299ad0
Event: 5.458 loading class java/util/concurrent/CompletableFuture$UniExceptionally
Event: 5.458 loading class java/util/concurrent/CompletableFuture$UniCompletion
Event: 5.458 loading class java/util/concurrent/CompletableFuture$UniCompletion done
Event: 5.458 loading class java/util/concurrent/CompletableFuture$UniExceptionally done


Dynamic libraries:
0x00007ff77db40000 - 0x00007ff77db4e000 	C:\Users\MICHELANGELO\.p2\pool\plugins\org.eclipse.justj.openjdk.hotspot.jre.full.win32.x86_64_17.0.2.v20220201-1208\jre\bin\javaw.exe
0x00007ffa37650000 - 0x00007ffa37845000 	C:\WINDOWS\SYSTEM32\ntdll.dll
0x00007ffa36720000 - 0x00007ffa367dd000 	C:\WINDOWS\System32\KERNEL32.DLL
0x00007ffa34e80000 - 0x00007ffa3514d000 	C:\WINDOWS\System32\KERNELBASE.dll
0x00007ffa35440000 - 0x00007ffa35540000 	C:\WINDOWS\System32\ucrtbase.dll
0x00007ffa2c090000 - 0x00007ffa2c0a9000 	C:\Users\MICHELANGELO\.p2\pool\plugins\org.eclipse.justj.openjdk.hotspot.jre.full.win32.x86_64_17.0.2.v20220201-1208\jre\bin\VCRUNTIME140.dll
0x00007ffa2d340000 - 0x00007ffa2d358000 	C:\Users\MICHELANGELO\.p2\pool\plugins\org.eclipse.justj.openjdk.hotspot.jre.full.win32.x86_64_17.0.2.v20220201-1208\jre\bin\jli.dll
0x00007ffa367e0000 - 0x00007ffa36980000 	C:\WINDOWS\System32\USER32.dll
0x00007ffa34e20000 - 0x00007ffa34e42000 	C:\WINDOWS\System32\win32u.dll
0x00007ffa1d130000 - 0x00007ffa1d3ca000 	C:\WINDOWS\WinSxS\amd64_microsoft.windows.common-controls_6595b64144ccf1df_6.0.19041.1110_none_60b5254171f9507e\COMCTL32.dll
0x00007ffa37310000 - 0x00007ffa3733a000 	C:\WINDOWS\System32\GDI32.dll
0x00007ffa35760000 - 0x00007ffa357fe000 	C:\WINDOWS\System32\msvcrt.dll
0x00007ffa35330000 - 0x00007ffa3543b000 	C:\WINDOWS\System32\gdi32full.dll
0x00007ffa35150000 - 0x00007ffa351ed000 	C:\WINDOWS\System32\msvcp_win.dll
0x00007ffa365a0000 - 0x00007ffa365d0000 	C:\WINDOWS\System32\IMM32.DLL
0x00007ffa2d330000 - 0x00007ffa2d33c000 	C:\Users\MICHELANGELO\.p2\pool\plugins\org.eclipse.justj.openjdk.hotspot.jre.full.win32.x86_64_17.0.2.v20220201-1208\jre\bin\vcruntime140_1.dll
0x00007ffa08920000 - 0x00007ffa089b1000 	C:\Users\MICHELANGELO\.p2\pool\plugins\org.eclipse.justj.openjdk.hotspot.jre.full.win32.x86_64_17.0.2.v20220201-1208\jre\bin\msvcp140.dll
0x00007ff9efb00000 - 0x00007ff9f0747000 	C:\Users\MICHELANGELO\.p2\pool\plugins\org.eclipse.justj.openjdk.hotspot.jre.full.win32.x86_64_17.0.2.v20220201-1208\jre\bin\server\jvm.dll
0x00007ffa356b0000 - 0x00007ffa3575e000 	C:\WINDOWS\System32\ADVAPI32.dll
0x00007ffa37260000 - 0x00007ffa372fc000 	C:\WINDOWS\System32\sechost.dll
0x00007ffa37480000 - 0x00007ffa375a5000 	C:\WINDOWS\System32\RPCRT4.dll
0x00007ffa356a0000 - 0x00007ffa356a8000 	C:\WINDOWS\System32\PSAPI.DLL
0x00007ff9f54c0000 - 0x00007ff9f54c9000 	C:\WINDOWS\SYSTEM32\WSOCK32.dll
0x00007ffa1f660000 - 0x00007ffa1f687000 	C:\WINDOWS\SYSTEM32\WINMM.dll
0x00007ffa2b940000 - 0x00007ffa2b94a000 	C:\WINDOWS\SYSTEM32\VERSION.dll
0x00007ffa366b0000 - 0x00007ffa3671b000 	C:\WINDOWS\System32\WS2_32.dll
0x00007ffa335f0000 - 0x00007ffa33602000 	C:\WINDOWS\SYSTEM32\kernel.appcore.dll
0x00007ffa2b250000 - 0x00007ffa2b25a000 	C:\Users\MICHELANGELO\.p2\pool\plugins\org.eclipse.justj.openjdk.hotspot.jre.full.win32.x86_64_17.0.2.v20220201-1208\jre\bin\jimage.dll
0x00007ffa2f9c0000 - 0x00007ffa2fba4000 	C:\WINDOWS\SYSTEM32\DBGHELP.DLL
0x00007ffa1be00000 - 0x00007ffa1be2c000 	C:\WINDOWS\SYSTEM32\dbgcore.DLL
0x00007ffa351f0000 - 0x00007ffa35272000 	C:\WINDOWS\System32\bcryptPrimitives.dll
0x00007ffa2b170000 - 0x00007ffa2b195000 	C:\Users\MICHELANGELO\.p2\pool\plugins\org.eclipse.justj.openjdk.hotspot.jre.full.win32.x86_64_17.0.2.v20220201-1208\jre\bin\java.dll
0x00007ffa2b150000 - 0x00007ffa2b168000 	C:\Users\MICHELANGELO\.p2\pool\plugins\org.eclipse.justj.openjdk.hotspot.jre.full.win32.x86_64_17.0.2.v20220201-1208\jre\bin\zip.dll
0x00007ffa359b0000 - 0x00007ffa360f4000 	C:\WINDOWS\System32\SHELL32.dll
0x00007ffa2fde0000 - 0x00007ffa30574000 	C:\WINDOWS\SYSTEM32\windows.storage.dll
0x00007ffa36100000 - 0x00007ffa36454000 	C:\WINDOWS\System32\combase.dll
0x00007ffa347c0000 - 0x00007ffa347ec000 	C:\WINDOWS\SYSTEM32\Wldp.dll
0x00007ffa36c90000 - 0x00007ffa36d3d000 	C:\WINDOWS\System32\SHCORE.dll
0x00007ffa375b0000 - 0x00007ffa37605000 	C:\WINDOWS\System32\shlwapi.dll
0x00007ffa34ca0000 - 0x00007ffa34cbf000 	C:\WINDOWS\SYSTEM32\profapi.dll
0x00007ffa2a850000 - 0x00007ffa2a869000 	C:\Users\MICHELANGELO\.p2\pool\plugins\org.eclipse.justj.openjdk.hotspot.jre.full.win32.x86_64_17.0.2.v20220201-1208\jre\bin\net.dll
0x00007ffa2b6d0000 - 0x00007ffa2b7da000 	C:\WINDOWS\SYSTEM32\WINHTTP.dll
0x00007ffa34520000 - 0x00007ffa3458a000 	C:\WINDOWS\system32\mswsock.dll
0x00007ffa2a830000 - 0x00007ffa2a845000 	C:\Users\MICHELANGELO\.p2\pool\plugins\org.eclipse.justj.openjdk.hotspot.jre.full.win32.x86_64_17.0.2.v20220201-1208\jre\bin\nio.dll
0x00007ffa077c0000 - 0x00007ffa0794e000 	C:\Users\MICHELANGELO\.p2\pool\plugins\org.eclipse.justj.openjdk.hotspot.jre.full.win32.x86_64_17.0.2.v20220201-1208\jre\bin\awt.dll
0x00007ffa36bc0000 - 0x00007ffa36c8d000 	C:\WINDOWS\System32\OLEAUT32.dll
0x00007ffa2f0b0000 - 0x00007ffa2f140000 	C:\WINDOWS\SYSTEM32\apphelp.dll
0x00007ffa2f270000 - 0x00007ffa2f30e000 	C:\WINDOWS\system32\uxtheme.dll
0x00007ffa36460000 - 0x00007ffa36575000 	C:\WINDOWS\System32\MSCTF.dll
0x00007ffa36980000 - 0x00007ffa36aaa000 	C:\WINDOWS\System32\ole32.dll
0x00007ffa2f580000 - 0x00007ffa2f5af000 	C:\WINDOWS\system32\DWMAPI.DLL
0x00007ffa08a20000 - 0x00007ffa08aa9000 	C:\Users\MICHELANGELO\.p2\pool\plugins\org.eclipse.justj.openjdk.hotspot.jre.full.win32.x86_64_17.0.2.v20220201-1208\jre\bin\freetype.dll
0x00007ffa07b00000 - 0x00007ffa07ba8000 	C:\Users\MICHELANGELO\.p2\pool\plugins\org.eclipse.justj.openjdk.hotspot.jre.full.win32.x86_64_17.0.2.v20220201-1208\jre\bin\fontmanager.dll
0x00007ff9fc020000 - 0x00007ff9fc146000 	C:\WINDOWS\system32\opengl32.dll
0x00007ff9fbff0000 - 0x00007ff9fc01c000 	C:\WINDOWS\SYSTEM32\GLU32.dll
0x00007ffa2ad70000 - 0x00007ffa2af24000 	C:\WINDOWS\SYSTEM32\WindowsCodecs.dll
0x00007ffa34e50000 - 0x00007ffa34e77000 	C:\WINDOWS\System32\bcrypt.dll
0x00007ff9f9590000 - 0x00007ff9f95ce000 	C:\WINDOWS\system32\dataexchange.dll
0x00007ffa2e120000 - 0x00007ffa2e384000 	C:\WINDOWS\system32\d3d11.dll
0x00007ffa2e390000 - 0x00007ffa2e575000 	C:\WINDOWS\system32\dcomp.dll
0x00007ffa33660000 - 0x00007ffa33753000 	C:\WINDOWS\system32\dxgi.dll
0x00007ffa2d390000 - 0x00007ffa2d591000 	C:\WINDOWS\system32\twinapi.appcore.dll
0x00007ffa028c0000 - 0x00007ffa029b9000 	C:\WINDOWS\SYSTEM32\textinputframework.dll
0x00007ffa2eda0000 - 0x00007ffa2ee92000 	C:\WINDOWS\System32\CoreMessaging.dll
0x00007ffa2ea40000 - 0x00007ffa2ed9e000 	C:\WINDOWS\System32\CoreUIComponents.dll
0x00007ffa33a60000 - 0x00007ffa33a93000 	C:\WINDOWS\SYSTEM32\ntmarta.dll
0x00007ffa2d5a0000 - 0x00007ffa2d6f4000 	C:\WINDOWS\SYSTEM32\wintypes.dll
0x00007ffa34200000 - 0x00007ffa342cb000 	C:\WINDOWS\SYSTEM32\DNSAPI.dll
0x00007ffa341c0000 - 0x00007ffa341fb000 	C:\WINDOWS\SYSTEM32\IPHLPAPI.DLL
0x00007ffa37250000 - 0x00007ffa37258000 	C:\WINDOWS\System32\NSI.dll
0x00007ffa21bd0000 - 0x00007ffa21bda000 	C:\Windows\System32\rasadhlp.dll
0x00007ffa21eb0000 - 0x00007ffa21f30000 	C:\WINDOWS\System32\fwpuclnt.dll
0x00007ffa2a820000 - 0x00007ffa2a830000 	C:\Users\MICHELANGELO\.p2\pool\plugins\org.eclipse.justj.openjdk.hotspot.jre.full.win32.x86_64_17.0.2.v20220201-1208\jre\bin\verify.dll
0x00007ffa2d2f0000 - 0x00007ffa2d2f9000 	C:\Users\MICHELANGELO\.p2\pool\plugins\org.eclipse.justj.openjdk.hotspot.jre.full.win32.x86_64_17.0.2.v20220201-1208\jre\bin\management.dll
0x00007ffa2b8e0000 - 0x00007ffa2b8eb000 	C:\Users\MICHELANGELO\.p2\pool\plugins\org.eclipse.justj.openjdk.hotspot.jre.full.win32.x86_64_17.0.2.v20220201-1208\jre\bin\management_ext.dll
0x00007ffa2d360000 - 0x00007ffa2d36e000 	C:\Users\MICHELANGELO\.p2\pool\plugins\org.eclipse.justj.openjdk.hotspot.jre.full.win32.x86_64_17.0.2.v20220201-1208\jre\bin\sunmscapi.dll
0x00007ffa35540000 - 0x00007ffa35696000 	C:\WINDOWS\System32\CRYPT32.dll
0x00007ffa34830000 - 0x00007ffa34857000 	C:\WINDOWS\SYSTEM32\ncrypt.dll
0x00007ffa347f0000 - 0x00007ffa3482b000 	C:\WINDOWS\SYSTEM32\NTASN1.dll
0x00007ffa34720000 - 0x00007ffa34738000 	C:\WINDOWS\SYSTEM32\CRYPTSP.dll
0x00007ffa33e30000 - 0x00007ffa33e64000 	C:\WINDOWS\system32\rsaenh.dll
0x00007ffa34c60000 - 0x00007ffa34c8e000 	C:\WINDOWS\SYSTEM32\USERENV.dll
0x00007ffa34710000 - 0x00007ffa3471c000 	C:\WINDOWS\SYSTEM32\CRYPTBASE.dll
0x00007ffa29f40000 - 0x00007ffa29f57000 	C:\WINDOWS\SYSTEM32\dhcpcsvc6.DLL
0x00007ffa2a400000 - 0x00007ffa2a41d000 	C:\WINDOWS\SYSTEM32\dhcpcsvc.DLL
0x00007ffa2b8d0000 - 0x00007ffa2b8d7000 	C:\WINDOWS\system32\wshunix.dll
0x00007ffa0cbb0000 - 0x00007ffa0cbc7000 	C:\WINDOWS\system32\napinsp.dll
0x00007ffa0cb90000 - 0x00007ffa0cbab000 	C:\WINDOWS\system32\pnrpnsp.dll
0x00007ffa0caa0000 - 0x00007ffa0cab5000 	C:\WINDOWS\system32\wshbth.dll
0x00007ffa2d200000 - 0x00007ffa2d21d000 	C:\WINDOWS\system32\NLAapi.dll
0x00007ffa0ca00000 - 0x00007ffa0ca12000 	C:\WINDOWS\System32\winrnr.dll

dbghelp: loaded successfully - version: 4.0.5 - missing functions: none
symbol engine: initialized successfully - sym options: 0x614 - pdb path: .;C:\Users\MICHELANGELO\.p2\pool\plugins\org.eclipse.justj.openjdk.hotspot.jre.full.win32.x86_64_17.0.2.v20220201-1208\jre\bin;C:\WINDOWS\SYSTEM32;C:\WINDOWS\WinSxS\amd64_microsoft.windows.common-controls_6595b64144ccf1df_6.0.19041.1110_none_60b5254171f9507e;C:\Users\MICHELANGELO\.p2\pool\plugins\org.eclipse.justj.openjdk.hotspot.jre.full.win32.x86_64_17.0.2.v20220201-1208\jre\bin\server

VM Arguments:
jvm_args: -Dfile.encoding=Cp1252 -XX:+ShowCodeDetailsInExceptionMessages 
java_command: Home
java_class_path (initial): C:\Users\MICHELANGELO\Documents\2 semestre\java\Scraping\Progetto\bin;C:\Users\MICHELANGELO\Documents\2 semestre\java\Scraping\Progetto\lib\seleniumjars\selenium-server-4.1.4.jar
Launcher Type: SUN_STANDARD

[Global flags]
     intx CICompilerCount                          = 4                                         {product} {ergonomic}
     uint ConcGCThreads                            = 2                                         {product} {ergonomic}
     uint G1ConcRefinementThreads                  = 8                                         {product} {ergonomic}
   size_t G1HeapRegionSize                         = 1048576                                   {product} {ergonomic}
    uintx GCDrainStackTargetSize                   = 64                                        {product} {ergonomic}
   size_t InitialHeapSize                          = 132120576                                 {product} {ergonomic}
   size_t MarkStackSize                            = 4194304                                   {product} {ergonomic}
   size_t MaxHeapSize                              = 2097152000                                {product} {ergonomic}
   size_t MaxNewSize                               = 1258291200                                {product} {ergonomic}
   size_t MinHeapDeltaBytes                        = 1048576                                   {product} {ergonomic}
   size_t MinHeapSize                              = 8388608                                   {product} {ergonomic}
    uintx NonNMethodCodeHeapSize                   = 5839372                                {pd product} {ergonomic}
    uintx NonProfiledCodeHeapSize                  = 122909434                              {pd product} {ergonomic}
    uintx ProfiledCodeHeapSize                     = 122909434                              {pd product} {ergonomic}
    uintx ReservedCodeCacheSize                    = 251658240                              {pd product} {ergonomic}
     bool SegmentedCodeCache                       = true                                      {product} {ergonomic}
     bool ShowCodeDetailsInExceptionMessages       = true                                   {manageable} {command line}
   size_t SoftMaxHeapSize                          = 2097152000                             {manageable} {ergonomic}
     bool UseCompressedClassPointers               = true                           {product lp64_product} {ergonomic}
     bool UseCompressedOops                        = true                           {product lp64_product} {ergonomic}
     bool UseG1GC                                  = true                                      {product} {ergonomic}
     bool UseLargePagesIndividualAllocation        = false                                  {pd product} {ergonomic}

Logging:
Log output configuration:
 #0: stdout all=warning uptime,level,tags
 #1: stderr all=off uptime,level,tags

Environment Variables:
PATH=C:/Users/MICHELANGELO/.p2/pool/plugins/org.eclipse.justj.openjdk.hotspot.jre.full.win32.x86_64_17.0.2.v20220201-1208/jre/bin/server;C:/Users/MICHELANGELO/.p2/pool/plugins/org.eclipse.justj.openjdk.hotspot.jre.full.win32.x86_64_17.0.2.v20220201-1208/jre/bin;C:\Program Files (x86)\Common Files\Oracle\Java\javapath;C:\Windows\system32;C:\Windows;C:\Windows\System32\Wbem;C:\Windows\System32\WindowsPowerShell\v1.0\;C:\Windows\System32\OpenSSH\;C:\Program Files (x86)\NVIDIA Corporation\PhysX\Common;C:\WINDOWS\system32;C:\WINDOWS;C:\WINDOWS\System32\Wbem;C:\WINDOWS\System32\WindowsPowerShell\v1.0\;C:\WINDOWS\System32\OpenSSH\;C:\Program Files\NVIDIA Corporation\NVIDIA NvDLISR;C:\WINDOWS\system32;C:\WINDOWS;C:\WINDOWS\System32\Wbem;C:\WINDOWS\System32\WindowsPowerShell\v1.0\;C:\WINDOWS\System32\OpenSSH\;C:\Users\MICHELANGELO\AppData\Local\Microsoft\WindowsApps;C:\Users\MICHELANGELO\AppData\Local\GitHubDesktop\bin;C:\WINDOWS\system32;
USERNAME=MICHELANGELO
OS=Windows_NT
PROCESSOR_IDENTIFIER=Intel64 Family 6 Model 126 Stepping 5, GenuineIntel



---------------  S Y S T E M  ---------------

OS:
 Windows 10 , 64 bit Build 19041 (10.0.19041.1706)
OS uptime: 8 days 18:28 hours

CPU: total 8 (initial active 8) (4 cores per cpu, 2 threads per core) family 6 model 126 stepping 5 microcode 0xa0, cx8, cmov, fxsr, ht, mmx, 3dnowpref, sse, sse2, sse3, ssse3, sse4.1, sse4.2, popcnt, lzcnt, tsc, tscinvbit, avx, avx2, aes, erms, clmul, bmi1, bmi2, adx, avx512f, avx512dq, avx512cd, avx512bw, avx512vl, sha, fma, vzeroupper, avx512_vpopcntdq, avx512_vpclmulqdq, avx512_vaes, avx512_vnni, clflush, clflushopt, avx512_vbmi2, avx512_vbmi

Memory: 4k page, system-wide physical 7997M (162M free)
TotalPageFile size 32573M (AvailPageFile size 5M)
current process WorkingSet (physical memory assigned to process): 157M, peak: 157M
current process commit charge ("private bytes"): 181M, peak: 235M

vm_info: OpenJDK 64-Bit Server VM (17.0.2+8) for windows-amd64 JRE (17.0.2+8), built on Jan 20 2022 04:52:34 by "" with MS VC++ 16.7 (VS2019)

END.
